<?xml version="1.0" encoding="UTF-8"?>
<testng-results skipped="0" failed="0" ignored="0" total="1" passed="1">
  <reporter-output>
  </reporter-output>
  <suite name="Default suite" duration-ms="41" started-at="2023-08-06T17:09:05Z" finished-at="2023-08-06T17:09:05Z">
    <groups>
    </groups>
    <test name="Default test" duration-ms="41" started-at="2023-08-06T17:09:05Z" finished-at="2023-08-06T17:09:05Z">
      <class name="testNG.MyFirstTestNG">
        <test-method status="PASS" signature="f()[pri:0, instance:testNG.MyFirstTestNG@17d677df]" name="f" duration-ms="11" started-at="2023-08-06T17:09:05Z" finished-at="2023-08-06T17:09:05Z">
          <reporter-output>
          </reporter-output>
        </test-method> <!-- f -->
      </class> <!-- testNG.MyFirstTestNG -->
    </test> <!-- Default test -->
  </suite> <!-- Default suite -->
</testng-results>
